<?xml version="1.0" encoding="UTF-8"?>
<testng-results skipped="0" failed="0" ignored="0" total="1" passed="1">
  <reporter-output>
  </reporter-output>
  <suite name="Surefire suite" duration-ms="43757" started-at="2020-04-11T10:50:41Z" finished-at="2020-04-11T10:51:25Z">
    <groups>
    </groups>
    <test name="Surefire test" duration-ms="43757" started-at="2020-04-11T10:50:41Z" finished-at="2020-04-11T10:51:25Z">
      <class name="com.demo.nopcommerce.testsuite.LoginTest">
        <test-method status="PASS" signature="openBrowser()[pri:0, instance:com.demo.nopcommerce.testsuite.LoginTest@531be3c5]" name="openBrowser" is-config="true" duration-ms="33680" started-at="2020-04-11T10:50:41Z" finished-at="2020-04-11T10:51:15Z">
          <reporter-output>
          </reporter-output>
        </test-method> <!-- openBrowser -->
        <test-method status="PASS" signature="verifyUserShouldNavigateToLoginPage()[pri:0, instance:com.demo.nopcommerce.testsuite.LoginTest@531be3c5]" name="verifyUserShouldNavigateToLoginPage" duration-ms="9050" started-at="2020-04-11T10:51:15Z" finished-at="2020-04-11T10:51:24Z">
          <reporter-output>
          </reporter-output>
        </test-method> <!-- verifyUserShouldNavigateToLoginPage -->
        <test-method status="PASS" signature="tearDown()[pri:0, instance:com.demo.nopcommerce.testsuite.LoginTest@531be3c5]" name="tearDown" is-config="true" duration-ms="961" started-at="2020-04-11T10:51:24Z" finished-at="2020-04-11T10:51:25Z">
          <reporter-output>
          </reporter-output>
        </test-method> <!-- tearDown -->
      </class> <!-- com.demo.nopcommerce.testsuite.LoginTest -->
    </test> <!-- Surefire test -->
  </suite> <!-- Surefire suite -->
</testng-results>
