<?xml version="1.0" encoding="UTF-8"?>
<testng-results skipped="0" failed="0" ignored="0" total="2" passed="2">
  <reporter-output>
  </reporter-output>
  <suite name="testsuite" duration-ms="79331" started-at="2020-04-11T17:09:37Z" finished-at="2020-04-11T17:10:56Z">
    <groups>
    </groups>
    <test name="Login Test" duration-ms="58040" started-at="2020-04-11T17:09:37Z" finished-at="2020-04-11T17:10:35Z">
      <class name="com.demo.nopcommerce.testsuite.LoginTest">
        <test-method status="PASS" signature="openBrowser()[pri:0, instance:com.demo.nopcommerce.testsuite.LoginTest@20e2cbe0]" name="openBrowser" is-config="true" duration-ms="50533" started-at="2020-04-11T17:09:37Z" finished-at="2020-04-11T17:10:28Z">
          <reporter-output>
          </reporter-output>
        </test-method> <!-- openBrowser -->
        <test-method status="PASS" signature="verifyUserShouldNavigateToLoginPage()[pri:0, instance:com.demo.nopcommerce.testsuite.LoginTest@20e2cbe0]" name="verifyUserShouldNavigateToLoginPage" duration-ms="5007" started-at="2020-04-11T17:10:28Z" finished-at="2020-04-11T17:10:33Z">
          <reporter-output>
          </reporter-output>
        </test-method> <!-- verifyUserShouldNavigateToLoginPage -->
        <test-method status="PASS" signature="tearDown()[pri:0, instance:com.demo.nopcommerce.testsuite.LoginTest@20e2cbe0]" name="tearDown" is-config="true" duration-ms="1475" started-at="2020-04-11T17:10:34Z" finished-at="2020-04-11T17:10:35Z">
          <reporter-output>
          </reporter-output>
        </test-method> <!-- tearDown -->
      </class> <!-- com.demo.nopcommerce.testsuite.LoginTest -->
    </test> <!-- Login Test -->
    <test name="Login Test1" duration-ms="20716" started-at="2020-04-11T17:10:36Z" finished-at="2020-04-11T17:10:56Z">
      <class name="com.demo.nopcommerce.testsuite.LoginTest">
        <test-method status="PASS" signature="openBrowser()[pri:0, instance:com.demo.nopcommerce.testsuite.LoginTest@5b275dab]" name="openBrowser" is-config="true" duration-ms="16485" started-at="2020-04-11T17:10:36Z" finished-at="2020-04-11T17:10:52Z">
          <reporter-output>
          </reporter-output>
        </test-method> <!-- openBrowser -->
        <test-method status="PASS" signature="verifyUserShouldNavigateToLoginPage()[pri:0, instance:com.demo.nopcommerce.testsuite.LoginTest@5b275dab]" name="verifyUserShouldNavigateToLoginPage" duration-ms="2259" started-at="2020-04-11T17:10:52Z" finished-at="2020-04-11T17:10:54Z">
          <reporter-output>
          </reporter-output>
        </test-method> <!-- verifyUserShouldNavigateToLoginPage -->
        <test-method status="PASS" signature="tearDown()[pri:0, instance:com.demo.nopcommerce.testsuite.LoginTest@5b275dab]" name="tearDown" is-config="true" duration-ms="1183" started-at="2020-04-11T17:10:55Z" finished-at="2020-04-11T17:10:56Z">
          <reporter-output>
          </reporter-output>
        </test-method> <!-- tearDown -->
      </class> <!-- com.demo.nopcommerce.testsuite.LoginTest -->
    </test> <!-- Login Test1 -->
  </suite> <!-- testsuite -->
</testng-results>
